<?xml version="1.0" encoding="UTF-8"?>
<!-- Generated by org.testng.reporters.JUnitXMLReporter -->
<testsuite ignored="0" hostname="LAPTOP-BN070CIS" failures="0" tests="2" name="FireFoxTest" time="28.192" errors="0" timestamp="2025-06-14T22:59:44 IST">
  <testcase classname="testCases.TC001RegisterAccount" name="verifyRegistration" time="0.0">
    <skipped/>
  </testcase> <!-- verifyRegistration -->
  <testcase classname="testCases.TC002_Login" name="testLogin" time="7.388"/>
</testsuite> <!-- FireFoxTest -->
