<?xml version="1.0" encoding="UTF-8"?>
<!-- Generated by org.testng.reporters.JUnitXMLReporter -->
<testsuite ignored="1" hostname="LAPTOP-BN070CIS" failures="0" tests="3" name="Test" time="11.77" errors="0" timestamp="2025-06-22T15:30:47 IST">
  <testcase classname="testCases.TC002_Login" name="testLogin" time="7.48"/>
  <testcase classname="testCases.TC004_AddToCart" name="testAddToCart" time="1.855"/>
  <testcase classname="testCases.TC004_AddToCart" name="testCheckProductAdded" time="1.067"/>
  <testcase classname="testBase.BaseClass" name="@BeforeSuite setUp" time="0.0">
    <ignored/>
  </testcase> <!-- @BeforeSuite setUp -->
</testsuite> <!-- Test -->
