<?xml version="1.0" encoding="UTF-8"?>
<testng-results ignored="1" total="4" passed="3" failed="0" skipped="0">
  <reporter-output>
  </reporter-output>
  <suite started-at="2025-06-29T13:49:44 IST" name="Suite" finished-at="2025-06-29T13:49:48 IST" duration-ms="3827">
    <groups>
      <group name="Master">
        <method signature="TC002_Login.testLogin()[pri:0, instance:testCases.TC002_Login@59a008ba]" name="testLogin" class="testCases.TC002_Login"/>
      </group> <!-- Master -->
      <group name="Regression">
        <method signature="TC002_Login.testLogin()[pri:0, instance:testCases.TC002_Login@59a008ba]" name="testLogin" class="testCases.TC002_Login"/>
      </group> <!-- Regression -->
    </groups>
    <test started-at="2025-06-29T13:49:44 IST" name="Test" finished-at="2025-06-29T13:49:48 IST" duration-ms="3827">
      <class name="testCases.TC004_AddToCart">
        <test-method signature="testAddToCart()[pri:1, instance:testCases.TC004_AddToCart@70f02c32]" started-at="2025-06-29T13:49:47 IST" name="testAddToCart" finished-at="2025-06-29T13:49:48 IST" duration-ms="1090" status="PASS">
          <reporter-output>
          </reporter-output>
        </test-method> <!-- testAddToCart -->
        <test-method signature="testCheckProductAdded()[pri:2, instance:testCases.TC004_AddToCart@70f02c32]" started-at="2025-06-29T13:49:48 IST" name="testCheckProductAdded" finished-at="2025-06-29T13:49:48 IST" duration-ms="560" status="PASS">
          <reporter-output>
          </reporter-output>
        </test-method> <!-- testCheckProductAdded -->
      </class> <!-- testCases.TC004_AddToCart -->
      <class name="testCases.TC002_Login">
        <test-method is-config="true" signature="setUp(java.lang.String,java.lang.String)[pri:0, instance:testCases.TC002_Login@59a008ba]" started-at="2025-06-29T13:49:41 IST" name="setUp" finished-at="2025-06-29T13:49:44 IST" duration-ms="3625" status="PASS">
          <params>
            <param index="0">
              <value>
                <![CDATA[Windows]]>
              </value>
            </param>
            <param index="1">
              <value>
                <![CDATA[chrome]]>
              </value>
            </param>
          </params>
          <reporter-output>
          </reporter-output>
        </test-method> <!-- setUp -->
        <test-method signature="testLogin()[pri:0, instance:testCases.TC002_Login@59a008ba]" started-at="2025-06-29T13:49:45 IST" name="testLogin" finished-at="2025-06-29T13:49:47 IST" duration-ms="1860" status="PASS">
          <reporter-output>
          </reporter-output>
        </test-method> <!-- testLogin -->
      </class> <!-- testCases.TC002_Login -->
    </test> <!-- Test -->
  </suite> <!-- Suite -->
</testng-results>
